Analysis & Elaboration report for conv_kernel_top
Tue Oct 20 21:49:46 2020
Quartus Prime Version 18.1.0 Build 625 09/12/2018 SJ Lite Edition


---------------------
; Table of Contents ;
---------------------
  1. Legal Notice
  2. Analysis & Elaboration Summary
  3. Parallel Compilation
  4. Analysis & Elaboration Settings
  5. Analysis & Elaboration Messages



----------------
; Legal Notice ;
----------------
Copyright (C) 2018  Intel Corporation. All rights reserved.
Your use of Intel Corporation's design tools, logic functions 
and other software and tools, and its AMPP partner logic 
functions, and any output files from any of the foregoing 
(including device programming or simulation files), and any 
associated documentation or information are expressly subject 
to the terms and conditions of the Intel Program License 
Subscription Agreement, the Intel Quartus Prime License Agreement,
the Intel FPGA IP License Agreement, or other applicable license
agreement, including, without limitation, that your use is for
the sole purpose of programming logic devices manufactured by
Intel and sold by Intel or its authorized distributors.  Please
refer to the applicable agreement for further details.



+-----------------------------------------------------------------------------+
; Analysis & Elaboration Summary                                              ;
+-------------------------------+---------------------------------------------+
; Analysis & Elaboration Status ; Successful - Tue Oct 20 21:49:46 2020       ;
; Quartus Prime Version         ; 18.1.0 Build 625 09/12/2018 SJ Lite Edition ;
; Revision Name                 ; conv_kernel_top                             ;
; Top-level Entity Name         ; conv_kernel_top                             ;
; Family                        ; Cyclone V                                   ;
; Logic utilization (in ALMs)   ; N/A until Partition Merge                   ;
; Total registers               ; N/A until Partition Merge                   ;
; Total pins                    ; N/A until Partition Merge                   ;
; Total virtual pins            ; N/A until Partition Merge                   ;
; Total block memory bits       ; N/A until Partition Merge                   ;
; Total PLLs                    ; N/A until Partition Merge                   ;
; Total DLLs                    ; N/A until Partition Merge                   ;
+-------------------------------+---------------------------------------------+


+------------------------------------------+
; Parallel Compilation                     ;
+----------------------------+-------------+
; Processors                 ; Number      ;
+----------------------------+-------------+
; Number detected on machine ; 4           ;
; Maximum allowed            ; 2           ;
;                            ;             ;
; Average used               ; 1.00        ;
; Maximum used               ; 1           ;
;                            ;             ;
; Usage by Processor         ; % Time Used ;
;     Processor 1            ; 100.0%      ;
+----------------------------+-------------+


+---------------------------------------------------------------------------------------------------------------------------+
; Analysis & Elaboration Settings                                                                                           ;
+---------------------------------------------------------------------------------+--------------------+--------------------+
; Option                                                                          ; Setting            ; Default Value      ;
+---------------------------------------------------------------------------------+--------------------+--------------------+
; Device                                                                          ; 5CGXFC7C7F23C8     ;                    ;
; Top-level entity name                                                           ; conv_kernel_top    ; conv_kernel_top    ;
; Family name                                                                     ; Cyclone V          ; Cyclone V          ;
; Use smart compilation                                                           ; Off                ; Off                ;
; Enable parallel Assembler and Timing Analyzer during compilation                ; On                 ; On                 ;
; Enable compact report table                                                     ; Off                ; Off                ;
; Restructure Multiplexers                                                        ; Auto               ; Auto               ;
; MLAB Add Timing Constraints For Mixed-Port Feed-Through Mode Setting Don't Care ; Off                ; Off                ;
; Create Debugging Nodes for IP Cores                                             ; Off                ; Off                ;
; Preserve fewer node names                                                       ; On                 ; On                 ;
; Intel FPGA IP Evaluation Mode                                                   ; Enable             ; Enable             ;
; Verilog Version                                                                 ; Verilog_2001       ; Verilog_2001       ;
; VHDL Version                                                                    ; VHDL_1993          ; VHDL_1993          ;
; State Machine Processing                                                        ; Auto               ; Auto               ;
; Safe State Machine                                                              ; Off                ; Off                ;
; Extract Verilog State Machines                                                  ; On                 ; On                 ;
; Extract VHDL State Machines                                                     ; On                 ; On                 ;
; Ignore Verilog initial constructs                                               ; Off                ; Off                ;
; Iteration limit for constant Verilog loops                                      ; 5000               ; 5000               ;
; Iteration limit for non-constant Verilog loops                                  ; 250                ; 250                ;
; Add Pass-Through Logic to Inferred RAMs                                         ; On                 ; On                 ;
; Infer RAMs from Raw Logic                                                       ; On                 ; On                 ;
; Parallel Synthesis                                                              ; On                 ; On                 ;
; DSP Block Balancing                                                             ; Auto               ; Auto               ;
; NOT Gate Push-Back                                                              ; On                 ; On                 ;
; Power-Up Don't Care                                                             ; On                 ; On                 ;
; Remove Redundant Logic Cells                                                    ; Off                ; Off                ;
; Remove Duplicate Registers                                                      ; On                 ; On                 ;
; Ignore CARRY Buffers                                                            ; Off                ; Off                ;
; Ignore CASCADE Buffers                                                          ; Off                ; Off                ;
; Ignore GLOBAL Buffers                                                           ; Off                ; Off                ;
; Ignore ROW GLOBAL Buffers                                                       ; Off                ; Off                ;
; Ignore LCELL Buffers                                                            ; Off                ; Off                ;
; Ignore SOFT Buffers                                                             ; On                 ; On                 ;
; Limit AHDL Integers to 32 Bits                                                  ; Off                ; Off                ;
; Optimization Technique                                                          ; Balanced           ; Balanced           ;
; Carry Chain Length                                                              ; 70                 ; 70                 ;
; Auto Carry Chains                                                               ; On                 ; On                 ;
; Auto Open-Drain Pins                                                            ; On                 ; On                 ;
; Perform WYSIWYG Primitive Resynthesis                                           ; Off                ; Off                ;
; Auto ROM Replacement                                                            ; On                 ; On                 ;
; Auto RAM Replacement                                                            ; On                 ; On                 ;
; Auto DSP Block Replacement                                                      ; On                 ; On                 ;
; Auto Shift Register Replacement                                                 ; Auto               ; Auto               ;
; Allow Shift Register Merging across Hierarchies                                 ; Auto               ; Auto               ;
; Auto Clock Enable Replacement                                                   ; On                 ; On                 ;
; Strict RAM Replacement                                                          ; Off                ; Off                ;
; Allow Synchronous Control Signals                                               ; On                 ; On                 ;
; Force Use of Synchronous Clear Signals                                          ; Off                ; Off                ;
; Auto Resource Sharing                                                           ; Off                ; Off                ;
; Allow Any RAM Size For Recognition                                              ; Off                ; Off                ;
; Allow Any ROM Size For Recognition                                              ; Off                ; Off                ;
; Allow Any Shift Register Size For Recognition                                   ; Off                ; Off                ;
; Use LogicLock Constraints during Resource Balancing                             ; On                 ; On                 ;
; Ignore translate_off and synthesis_off directives                               ; Off                ; Off                ;
; Timing-Driven Synthesis                                                         ; On                 ; On                 ;
; Report Parameter Settings                                                       ; On                 ; On                 ;
; Report Source Assignments                                                       ; On                 ; On                 ;
; Report Connectivity Checks                                                      ; On                 ; On                 ;
; Ignore Maximum Fan-Out Assignments                                              ; Off                ; Off                ;
; Synchronization Register Chain Length                                           ; 3                  ; 3                  ;
; Power Optimization During Synthesis                                             ; Normal compilation ; Normal compilation ;
; HDL message level                                                               ; Level2             ; Level2             ;
; Suppress Register Optimization Related Messages                                 ; Off                ; Off                ;
; Number of Removed Registers Reported in Synthesis Report                        ; 5000               ; 5000               ;
; Number of Swept Nodes Reported in Synthesis Report                              ; 5000               ; 5000               ;
; Number of Inverted Registers Reported in Synthesis Report                       ; 100                ; 100                ;
; Clock MUX Protection                                                            ; On                 ; On                 ;
; Auto Gated Clock Conversion                                                     ; Off                ; Off                ;
; Block Design Naming                                                             ; Auto               ; Auto               ;
; SDC constraint protection                                                       ; Off                ; Off                ;
; Synthesis Effort                                                                ; Auto               ; Auto               ;
; Shift Register Replacement - Allow Asynchronous Clear Signal                    ; On                 ; On                 ;
; Pre-Mapping Resynthesis Optimization                                            ; Off                ; Off                ;
; Analysis & Synthesis Message Level                                              ; Medium             ; Medium             ;
; Disable Register Merging Across Hierarchies                                     ; Auto               ; Auto               ;
; Resource Aware Inference For Block RAM                                          ; On                 ; On                 ;
; Automatic Parallel Synthesis                                                    ; On                 ; On                 ;
; Partial Reconfiguration Bitstream ID                                            ; Off                ; Off                ;
+---------------------------------------------------------------------------------+--------------------+--------------------+


+---------------------------------+
; Analysis & Elaboration Messages ;
+---------------------------------+
Info: *******************************************************************
Info: Running Quartus Prime Analysis & Elaboration
    Info: Version 18.1.0 Build 625 09/12/2018 SJ Lite Edition
    Info: Processing started: Tue Oct 20 21:48:58 2020
Info: Command: quartus_map --read_settings_files=on --write_settings_files=off conv_kernel_top -c conv_kernel_top --analysis_and_elaboration
Warning (18236): Number of processors has not been specified which may cause overloading on shared machines.  Set the global assignment NUM_PARALLEL_PROCESSORS in your QSF to an appropriate value for best performance.
Info (20030): Parallel compilation is enabled and will use 2 of the 2 processors detected
Info (12021): Found 1 design units, including 1 entities, in source file /users/caoshizhuo/desktop/conv_kernel/conv_lut_bitsef.v
    Info (12023): Found entity 1: conv_lut_bitsef File: C:/Users/caoshizhuo/Desktop/conv_kernel/conv_lut_bitsef.v Line: 1
Info (12021): Found 1 design units, including 1 entities, in source file /users/caoshizhuo/desktop/conv_kernel/conv_lut_bitscd.v
    Info (12023): Found entity 1: conv_lut_bitscd File: C:/Users/caoshizhuo/Desktop/conv_kernel/conv_lut_bitscd.v Line: 1
Info (12021): Found 1 design units, including 1 entities, in source file /users/caoshizhuo/desktop/conv_kernel/conv_lut_bitsab.v
    Info (12023): Found entity 1: conv_lut_bitsab File: C:/Users/caoshizhuo/Desktop/conv_kernel/conv_lut_bitsab.v Line: 1
Info (12021): Found 1 design units, including 1 entities, in source file /users/caoshizhuo/desktop/conv_kernel/conv_lut_bits89.v
    Info (12023): Found entity 1: conv_lut_bits89 File: C:/Users/caoshizhuo/Desktop/conv_kernel/conv_lut_bits89.v Line: 1
Info (12021): Found 1 design units, including 1 entities, in source file /users/caoshizhuo/desktop/conv_kernel/conv_lut_bits67.v
    Info (12023): Found entity 1: conv_lut_bits67 File: C:/Users/caoshizhuo/Desktop/conv_kernel/conv_lut_bits67.v Line: 1
Info (12021): Found 1 design units, including 1 entities, in source file /users/caoshizhuo/desktop/conv_kernel/conv_lut_bits45.v
    Info (12023): Found entity 1: conv_lut_bits45 File: C:/Users/caoshizhuo/Desktop/conv_kernel/conv_lut_bits45.v Line: 1
Info (12021): Found 1 design units, including 1 entities, in source file /users/caoshizhuo/desktop/conv_kernel/conv_lut_bits23.v
    Info (12023): Found entity 1: conv_lut_bits23 File: C:/Users/caoshizhuo/Desktop/conv_kernel/conv_lut_bits23.v Line: 1
Info (12021): Found 1 design units, including 1 entities, in source file /users/caoshizhuo/desktop/conv_kernel/conv_lut_bits01.v
    Info (12023): Found entity 1: conv_lut_bits01 File: C:/Users/caoshizhuo/Desktop/conv_kernel/conv_lut_bits01.v Line: 1
Info (12021): Found 1 design units, including 1 entities, in source file /users/caoshizhuo/desktop/conv_kernel/conv_kernel_tb.v
    Info (12023): Found entity 1: conv_kernel_tb File: C:/Users/caoshizhuo/Desktop/conv_kernel/conv_kernel_tb.v Line: 5
Info (12021): Found 1 design units, including 1 entities, in source file /users/caoshizhuo/desktop/conv_kernel/conv_kernel.v
    Info (12023): Found entity 1: conv_kernel File: C:/Users/caoshizhuo/Desktop/conv_kernel/conv_kernel.v Line: 14
Info (12021): Found 1 design units, including 1 entities, in source file conv_kernel_top.v
    Info (12023): Found entity 1: conv_kernel_top File: C:/Users/caoshizhuo/Desktop/conv_kernel_top/conv_kernel_top.v Line: 12
Info (12021): Found 1 design units, including 1 entities, in source file conv_kernel_top_tb.v
    Info (12023): Found entity 1: conv_kernel_top_tb File: C:/Users/caoshizhuo/Desktop/conv_kernel_top/conv_kernel_top_tb.v Line: 5
Info (12127): Elaborating entity "conv_kernel_top" for the top level hierarchy
Info (12128): Elaborating entity "conv_kernel" for hierarchy "conv_kernel:conv_kernel_r_1" File: C:/Users/caoshizhuo/Desktop/conv_kernel_top/conv_kernel_top.v Line: 51
Info (12128): Elaborating entity "conv_lut_bits01" for hierarchy "conv_kernel:conv_kernel_r_1|conv_lut_bits01:u_conv_lut_bits01" File: C:/Users/caoshizhuo/Desktop/conv_kernel/conv_kernel.v Line: 64
Info (12128): Elaborating entity "conv_lut_bits23" for hierarchy "conv_kernel:conv_kernel_r_1|conv_lut_bits23:u_conv_lut_bits23" File: C:/Users/caoshizhuo/Desktop/conv_kernel/conv_kernel.v Line: 73
Info (12128): Elaborating entity "conv_lut_bits45" for hierarchy "conv_kernel:conv_kernel_r_1|conv_lut_bits45:u_conv_lut_bits45" File: C:/Users/caoshizhuo/Desktop/conv_kernel/conv_kernel.v Line: 83
Info (12128): Elaborating entity "conv_lut_bits67" for hierarchy "conv_kernel:conv_kernel_r_1|conv_lut_bits67:u_conv_lut_bits67" File: C:/Users/caoshizhuo/Desktop/conv_kernel/conv_kernel.v Line: 93
Info (12128): Elaborating entity "conv_lut_bits89" for hierarchy "conv_kernel:conv_kernel_r_1|conv_lut_bits89:u_conv_lut_bits89" File: C:/Users/caoshizhuo/Desktop/conv_kernel/conv_kernel.v Line: 103
Info (12128): Elaborating entity "conv_lut_bitsab" for hierarchy "conv_kernel:conv_kernel_r_1|conv_lut_bitsab:u_conv_lut_bitsab" File: C:/Users/caoshizhuo/Desktop/conv_kernel/conv_kernel.v Line: 113
Info (12128): Elaborating entity "conv_lut_bitscd" for hierarchy "conv_kernel:conv_kernel_r_1|conv_lut_bitscd:u_conv_lut_bitscd" File: C:/Users/caoshizhuo/Desktop/conv_kernel/conv_kernel.v Line: 123
Info (12128): Elaborating entity "conv_lut_bitsef" for hierarchy "conv_kernel:conv_kernel_r_1|conv_lut_bitsef:u_conv_lut_bitsef" File: C:/Users/caoshizhuo/Desktop/conv_kernel/conv_kernel.v Line: 133
Info: Quartus Prime Analysis & Elaboration was successful. 0 errors, 1 warning
    Info: Peak virtual memory: 638 megabytes
    Info: Processing ended: Tue Oct 20 21:49:46 2020
    Info: Elapsed time: 00:00:48
    Info: Total CPU time (on all processors): 00:01:54


